build/app/outputs/mapping/release/usage.txt
com.example.ehet_alem.R$color
com.example.ehet_alem.R$attr
com.example.ehet_alem.BuildConfig
com.example.ehet_alem.R$integer
com.example.ehet_alem.R$string
com.example.ehet_alem.R
com.example.ehet_alem.R$dimen
com.example.ehet_alem.R$drawable
com.example.ehet_alem.R$layout
com.example.ehet_alem.R$mipmap
com.example.ehet_alem.R$style
com.example.ehet_alem.R$styleable
com.example.ehet_alem.R$id
...
androidx.loader.content.ModernAsyncTask
kotlin.coroutines.intrinsics.IntrinsicsKt__IntrinsicsJvmKt$createCoroutineFromSuspendFunction$2
androidx.core.view.accessibility.AccessibilityManagerCompat$AccessibilityStateChangeListener
kotlin.jvm.JvmOverloads
kotlin.ranges.UIntRange
kotlin.reflect.KCallable$DefaultImpls
io.flutter.embedding.engine.FlutterEngine:
    public void <init>(android.content.Context)
    public void <init>(android.content.Context,java.lang.String[])
    public void <init>(android.content.Context,java.lang.String[],boolean)
    public void <init>(android.content.Context,io.flutter.embedding.engine.loader.FlutterLoader,io.flutter.embedding.engine.FlutterJNI)
    public void <init>(android.content.Context,io.flutter.embedding.engine.loader.FlutterLoader,io.flutter.embedding.engine.FlutterJNI,java.lang.String[],boolean)
    public void <init>(android.content.Context,io.flutter.embedding.engine.loader.FlutterLoader,io.flutter.embedding.engine.FlutterJNI,io.flutter.plugin.platform.PlatformViewsController,java.lang.String[],boolean)
    io.flutter.embedding.engine.FlutterEngine spawn(android.content.Context,io.flutter.embedding.engine.dart.DartExecutor$DartEntrypoint)
    public void addEngineLifecycleListener(io.flutter.embedding.engine.FlutterEngine$EngineLifecycleListener)
    public void removeEngineLifecycleListener(io.flutter.embedding.engine.FlutterEngine$EngineLifecycleListener)
    public io.flutter.embedding.engine.systemchannels.LocalizationChannel getLocalizationChannel()
    public io.flutter.embedding.engine.systemchannels.DeferredComponentChannel getDeferredComponentChannel()
    public io.flutter.embedding.engine.plugins.PluginRegistry getPlugins()
kotlin.jvm.internal.markers.KMutableList
kotlin.NoWhenBranchMatchedException
kotlin.text.MatchGroupCollection
kotlin.ranges.ClosedRange$DefaultImpls
kotlin.UnsafeVariance
androidx.core.content.res.GradientColorInflaterCompat$ColorStops
kotlin.jvm.internal.PropertyReference2
kotlin.time.Duration
androidx.arch.core.internal.SafeIterableMap$Entry:
    void <init>(java.lang.Object,java.lang.Object)
kotlin.contracts.ExperimentalContracts
kotlin.StandardKt__StandardKt
androidx.fragment.R$integer
kotlin.collections.MutableMapWithDefaultImpl
androidx.core.view.ViewPropertyAnimatorCompat$2
kotlin.collections.AbstractIterator
kotlin.math.MathKt__MathHKt
org.intellij.lang.annotations.JdkConstants$FontStyle
kotlin.time.TimedValue
kotlin.collections.ArraysKt___ArraysKt$asIterable$$inlined$Iterable$8
androidx.loader.R
androidx.viewpager.widget.ViewPager$DecorView
androidx.core.graphics.drawable.DrawableCompat
androidx.core.content.res.ResourcesCompat$FontCallback$1
kotlin.sequences.SequencesKt___SequencesKt$filterNotNull$1
kotlin.reflect.KMutableProperty
androidx.viewpager.R$id
kotlin.collections.ArraysKt___ArraysJvmKt$asList$8
kotlin.collections.AbstractMap
kotlin.collections.UArraysKt
kotlin.time.DurationUnitKt__DurationUnitKt
kotlin.collections.ArraysKt___ArraysKt$withIndex$5
kotlin.jvm.internal.SpreadBuilder
kotlin.jvm.functions.Function17
kotlin.UByte
kotlin.collections.CollectionsKt__CollectionsKt
androidx.fragment.app.SuperNotCalledException
kotlin.annotation.Repeatable
androidx.viewpager.widget.ViewPager$MyAccessibilityDelegate
androidx.viewpager.R$attr
kotlin.collections.CollectionsKt__ReversedViewsKt
androidx.core.provider.FontsContractCompat
kotlin.collections.MapAccessorsKt
androidx.core.content.FileProvider$SimplePathStrategy
kotlin.collections.ArraysKt___ArraysKt$asSequence$$inlined$Sequence$3
kotlin.sequences.SequencesKt___SequencesKt$filterIndexed$2
androidx.lifecycle.Transformations$1
androidx.activity.OnBackPressedDispatcher$LifecycleOnBackPressedCancellable:
    void <init>(androidx.activity.OnBackPressedDispatcher,androidx.lifecycle.Lifecycle,androidx.activity.OnBackPressedCallback)
kotlin.UByteKt
androidx.core.util.TimeUtils